C:\USERS\THATGUYLUKUSS\DOCUMENTS\VISUAL STUDIO 2012\PROJECTS\C++ - OBJECT LOADER\C++ - OBJECT LOADER\DEBUG\VC110.PDB
C:\USERS\THATGUYLUKUSS\DOCUMENTS\VISUAL STUDIO 2012\PROJECTS\C++ - OBJECT LOADER\C++ - OBJECT LOADER\DEBUG\C++ - OBJECT LOADER.PCH
C:\USERS\THATGUYLUKUSS\DOCUMENTS\VISUAL STUDIO 2012\PROJECTS\C++ - OBJECT LOADER\C++ - OBJECT LOADER\DEBUG\STDAFX.OBJ
C:\USERS\THATGUYLUKUSS\DOCUMENTS\VISUAL STUDIO 2012\PROJECTS\C++ - OBJECT LOADER\C++ - OBJECT LOADER\DEBUG\OBJECT LOADER.OBJ
C:\USERS\THATGUYLUKUSS\DOCUMENTS\VISUAL STUDIO 2012\PROJECTS\C++ - OBJECT LOADER\C++ - OBJECT LOADER\DEBUG\MAIN.OBJ
C:\USERS\THATGUYLUKUSS\DOCUMENTS\VISUAL STUDIO 2012\PROJECTS\C++ - OBJECT LOADER\C++ - OBJECT LOADER\DEBUG\BASESHAPE.OBJ
C:\USERS\THATGUYLUKUSS\DOCUMENTS\VISUAL STUDIO 2012\PROJECTS\C++ - OBJECT LOADER\C++ - OBJECT LOADER\DEBUG\CIRCLE.OBJ
C:\USERS\THATGUYLUKUSS\DOCUMENTS\VISUAL STUDIO 2012\PROJECTS\C++ - OBJECT LOADER\C++ - OBJECT LOADER\DEBUG\POLYGON.OBJ
C:\USERS\THATGUYLUKUSS\DOCUMENTS\VISUAL STUDIO 2012\PROJECTS\C++ - OBJECT LOADER\C++ - OBJECT LOADER\DEBUG\RECTANGLE.OBJ
C:\USERS\THATGUYLUKUSS\DOCUMENTS\VISUAL STUDIO 2012\PROJECTS\C++ - OBJECT LOADER\C++ - OBJECT LOADER\DEBUG\MATHS.OBJ
C:\USERS\THATGUYLUKUSS\DOCUMENTS\VISUAL STUDIO 2012\PROJECTS\C++ - OBJECT LOADER\DEBUG\C++ - OBJECT LOADER.ILK
C:\USERS\THATGUYLUKUSS\DOCUMENTS\VISUAL STUDIO 2012\PROJECTS\C++ - OBJECT LOADER\DEBUG\C++ - OBJECT LOADER.EXE
C:\USERS\THATGUYLUKUSS\DOCUMENTS\VISUAL STUDIO 2012\PROJECTS\C++ - OBJECT LOADER\DEBUG\C++ - OBJECT LOADER.PDB
C:\Users\thatguylukuss\Documents\Visual Studio 2012\Projects\C++ - Object Loader\C++ - Object Loader\Debug\BaseShape.obj
C:\Users\thatguylukuss\Documents\Visual Studio 2012\Projects\C++ - Object Loader\C++ - Object Loader\Debug\Circle.obj
C:\Users\thatguylukuss\Documents\Visual Studio 2012\Projects\C++ - Object Loader\C++ - Object Loader\Debug\main.obj
C:\Users\thatguylukuss\Documents\Visual Studio 2012\Projects\C++ - Object Loader\C++ - Object Loader\Debug\Maths.obj
C:\Users\thatguylukuss\Documents\Visual Studio 2012\Projects\C++ - Object Loader\C++ - Object Loader\Debug\monkey.obj
C:\Users\thatguylukuss\Documents\Visual Studio 2012\Projects\C++ - Object Loader\C++ - Object Loader\Debug\Object Loader.obj
C:\Users\thatguylukuss\Documents\Visual Studio 2012\Projects\C++ - Object Loader\C++ - Object Loader\Debug\Polygon.obj
C:\Users\thatguylukuss\Documents\Visual Studio 2012\Projects\C++ - Object Loader\C++ - Object Loader\Debug\Rectangle.obj
C:\Users\thatguylukuss\Documents\Visual Studio 2012\Projects\C++ - Object Loader\C++ - Object Loader\Debug\stdafx.obj
C:\Users\thatguylukuss\Documents\Visual Studio 2012\Projects\C++ - Object Loader\C++ - Object Loader\Debug\cl.command.1.tlog
C:\Users\thatguylukuss\Documents\Visual Studio 2012\Projects\C++ - Object Loader\C++ - Object Loader\Debug\CL.read.1.tlog
C:\Users\thatguylukuss\Documents\Visual Studio 2012\Projects\C++ - Object Loader\C++ - Object Loader\Debug\CL.write.1.tlog
C:\Users\thatguylukuss\Documents\Visual Studio 2012\Projects\C++ - Object Loader\C++ - Object Loader\Debug\link-cvtres.read.1.tlog
C:\Users\thatguylukuss\Documents\Visual Studio 2012\Projects\C++ - Object Loader\C++ - Object Loader\Debug\link-cvtres.write.1.tlog
C:\Users\thatguylukuss\Documents\Visual Studio 2012\Projects\C++ - Object Loader\C++ - Object Loader\Debug\link-rc.read.1.tlog
C:\Users\thatguylukuss\Documents\Visual Studio 2012\Projects\C++ - Object Loader\C++ - Object Loader\Debug\link-rc.write.1.tlog
C:\Users\thatguylukuss\Documents\Visual Studio 2012\Projects\C++ - Object Loader\C++ - Object Loader\Debug\link.3908-cvtres.read.1.tlog
C:\Users\thatguylukuss\Documents\Visual Studio 2012\Projects\C++ - Object Loader\C++ - Object Loader\Debug\link.3908-cvtres.write.1.tlog
C:\Users\thatguylukuss\Documents\Visual Studio 2012\Projects\C++ - Object Loader\C++ - Object Loader\Debug\link.3908-rc.read.1.tlog
C:\Users\thatguylukuss\Documents\Visual Studio 2012\Projects\C++ - Object Loader\C++ - Object Loader\Debug\link.3908-rc.write.1.tlog
C:\Users\thatguylukuss\Documents\Visual Studio 2012\Projects\C++ - Object Loader\C++ - Object Loader\Debug\link.3908.read.1.tlog
C:\Users\thatguylukuss\Documents\Visual Studio 2012\Projects\C++ - Object Loader\C++ - Object Loader\Debug\link.3908.write.1.tlog
C:\Users\thatguylukuss\Documents\Visual Studio 2012\Projects\C++ - Object Loader\C++ - Object Loader\Debug\link.5500-cvtres.read.1.tlog
C:\Users\thatguylukuss\Documents\Visual Studio 2012\Projects\C++ - Object Loader\C++ - Object Loader\Debug\link.5500-cvtres.write.1.tlog
C:\Users\thatguylukuss\Documents\Visual Studio 2012\Projects\C++ - Object Loader\C++ - Object Loader\Debug\link.5500-rc.read.1.tlog
C:\Users\thatguylukuss\Documents\Visual Studio 2012\Projects\C++ - Object Loader\C++ - Object Loader\Debug\link.5500-rc.write.1.tlog
C:\Users\thatguylukuss\Documents\Visual Studio 2012\Projects\C++ - Object Loader\C++ - Object Loader\Debug\link.5500.read.1.tlog
C:\Users\thatguylukuss\Documents\Visual Studio 2012\Projects\C++ - Object Loader\C++ - Object Loader\Debug\link.5500.write.1.tlog
C:\Users\thatguylukuss\Documents\Visual Studio 2012\Projects\C++ - Object Loader\C++ - Object Loader\Debug\link.6324-cvtres.read.1.tlog
C:\Users\thatguylukuss\Documents\Visual Studio 2012\Projects\C++ - Object Loader\C++ - Object Loader\Debug\link.6324-cvtres.write.1.tlog
C:\Users\thatguylukuss\Documents\Visual Studio 2012\Projects\C++ - Object Loader\C++ - Object Loader\Debug\link.6324-rc.read.1.tlog
C:\Users\thatguylukuss\Documents\Visual Studio 2012\Projects\C++ - Object Loader\C++ - Object Loader\Debug\link.6324-rc.write.1.tlog
C:\Users\thatguylukuss\Documents\Visual Studio 2012\Projects\C++ - Object Loader\C++ - Object Loader\Debug\link.6324.read.1.tlog
C:\Users\thatguylukuss\Documents\Visual Studio 2012\Projects\C++ - Object Loader\C++ - Object Loader\Debug\link.6324.write.1.tlog
C:\Users\thatguylukuss\Documents\Visual Studio 2012\Projects\C++ - Object Loader\C++ - Object Loader\Debug\link.7224-cvtres.read.1.tlog
C:\Users\thatguylukuss\Documents\Visual Studio 2012\Projects\C++ - Object Loader\C++ - Object Loader\Debug\link.7224-cvtres.write.1.tlog
C:\Users\thatguylukuss\Documents\Visual Studio 2012\Projects\C++ - Object Loader\C++ - Object Loader\Debug\link.7224-rc.read.1.tlog
C:\Users\thatguylukuss\Documents\Visual Studio 2012\Projects\C++ - Object Loader\C++ - Object Loader\Debug\link.7224-rc.write.1.tlog
C:\Users\thatguylukuss\Documents\Visual Studio 2012\Projects\C++ - Object Loader\C++ - Object Loader\Debug\link.7224.read.1.tlog
C:\Users\thatguylukuss\Documents\Visual Studio 2012\Projects\C++ - Object Loader\C++ - Object Loader\Debug\link.7224.write.1.tlog
C:\Users\thatguylukuss\Documents\Visual Studio 2012\Projects\C++ - Object Loader\C++ - Object Loader\Debug\link.7440-cvtres.read.1.tlog
C:\Users\thatguylukuss\Documents\Visual Studio 2012\Projects\C++ - Object Loader\C++ - Object Loader\Debug\link.7440-cvtres.write.1.tlog
C:\Users\thatguylukuss\Documents\Visual Studio 2012\Projects\C++ - Object Loader\C++ - Object Loader\Debug\link.7440-rc.read.1.tlog
C:\Users\thatguylukuss\Documents\Visual Studio 2012\Projects\C++ - Object Loader\C++ - Object Loader\Debug\link.7440-rc.write.1.tlog
C:\Users\thatguylukuss\Documents\Visual Studio 2012\Projects\C++ - Object Loader\C++ - Object Loader\Debug\link.7440.read.1.tlog
C:\Users\thatguylukuss\Documents\Visual Studio 2012\Projects\C++ - Object Loader\C++ - Object Loader\Debug\link.7440.write.1.tlog
C:\Users\thatguylukuss\Documents\Visual Studio 2012\Projects\C++ - Object Loader\C++ - Object Loader\Debug\link.7604-cvtres.read.1.tlog
C:\Users\thatguylukuss\Documents\Visual Studio 2012\Projects\C++ - Object Loader\C++ - Object Loader\Debug\link.7604-cvtres.write.1.tlog
C:\Users\thatguylukuss\Documents\Visual Studio 2012\Projects\C++ - Object Loader\C++ - Object Loader\Debug\link.7604-rc.read.1.tlog
C:\Users\thatguylukuss\Documents\Visual Studio 2012\Projects\C++ - Object Loader\C++ - Object Loader\Debug\link.7604-rc.write.1.tlog
C:\Users\thatguylukuss\Documents\Visual Studio 2012\Projects\C++ - Object Loader\C++ - Object Loader\Debug\link.7604.read.1.tlog
C:\Users\thatguylukuss\Documents\Visual Studio 2012\Projects\C++ - Object Loader\C++ - Object Loader\Debug\link.7604.write.1.tlog
C:\Users\thatguylukuss\Documents\Visual Studio 2012\Projects\C++ - Object Loader\C++ - Object Loader\Debug\link.7808.read.1.tlog
C:\Users\thatguylukuss\Documents\Visual Studio 2012\Projects\C++ - Object Loader\C++ - Object Loader\Debug\link.7808.write.1.tlog
C:\Users\thatguylukuss\Documents\Visual Studio 2012\Projects\C++ - Object Loader\C++ - Object Loader\Debug\link.command.1.tlog
C:\Users\thatguylukuss\Documents\Visual Studio 2012\Projects\C++ - Object Loader\C++ - Object Loader\Debug\link.read.1.tlog
C:\Users\thatguylukuss\Documents\Visual Studio 2012\Projects\C++ - Object Loader\C++ - Object Loader\Debug\link.write.1.tlog
C:\Users\thatguylukuss\Documents\Visual Studio 2012\Projects\C++ - Object Loader\C++ - Object Loader\Debug\C++ - Object Loader.pch
C:\Users\thatguylukuss\Documents\Visual Studio 2012\Projects\C++ - Object Loader\C++ - Object Loader\Debug\vc110.idb
C:\Users\thatguylukuss\Documents\Visual Studio 2012\Projects\C++ - Object Loader\C++ - Object Loader\Debug\vc110.pdb
C:\Users\thatguylukuss\Documents\Visual Studio 2012\Projects\C++ - Object Loader\Debug\C++ - Object Loader.pdb
C:\Users\thatguylukuss\Documents\Visual Studio 2012\Projects\C++ - Object Loader\Debug\C++ - Object Loader.exe
C:\Users\thatguylukuss\Documents\Visual Studio 2012\Projects\C++ - Object Loader\Debug\C++ - Object Loader.ilk
